<?xml version="1.0" encoding="UTF-8"?>
<!-- Generated by org.testng.reporters.JUnitReportReporter -->
<testsuite hostname="LAPTOP-VPVH4IKM" failures="0" tests="1" name="TestCases.Main_Test_Page" time="64.998" errors="0" timestamp="2021-10-27T22:27:10 IST" skipped="0">
  <testcase classname="TestCases.Main_Test_Page" name="christes_main_method" time="64.998"/>
  <system-out/>
</testsuite> <!-- TestCases.Main_Test_Page -->
