<?xml version="1.0" encoding="UTF-8"?>
<!-- Generated by org.testng.reporters.JUnitReportReporter -->
<testsuite hostname="LAPTOP-VPVH4IKM" failures="0" tests="1" name="TestCases.MailTest" time="116.431" errors="0" timestamp="2021-10-15T22:11:02 IST" skipped="0">
  <testcase classname="TestCases.MailTest" name="mailsendRediff" time="116.431"/>
  <system-out/>
</testsuite> <!-- TestCases.MailTest -->
